<?xml version="1.0" encoding="UTF-8"?>
<!-- Generated by org.testng.reporters.JUnitReportReporter -->
<testsuite skipped="0" hostname="aryas-MacBook-Pro.local" name="TestBase.TestClass" tests="4" failures="0" timestamp="10 Jan 2020 12:40:19 GMT" time="128.042" errors="0">
  <testcase name="rotateScreen" time="18.445" classname="TestBase.TestClass"/>
  <testcase name="twoNumberAddition" time="32.593" classname="TestBase.TestClass"/>
  <testcase name="twoNumberDivision" time="36.691" classname="TestBase.TestClass"/>
  <testcase name="twoNumberMultiple" time="40.313" classname="TestBase.TestClass"/>
</testsuite> <!-- TestBase.TestClass -->
